#
# There is insufficient memory for the Java Runtime Environment to continue.
# Native memory allocation (malloc) failed to allocate 1048576 bytes for AllocateHeap
# Possible reasons:
#   The system is out of physical RAM or swap space
#   The process is running with CompressedOops enabled, and the Java Heap may be blocking the growth of the native heap
# Possible solutions:
#   Reduce memory load on the system
#   Increase physical memory or swap space
#   Check if swap backing store is full
#   Decrease Java heap size (-Xmx/-Xms)
#   Decrease number of Java threads
#   Decrease Java thread stack sizes (-Xss)
#   Set larger code cache with -XX:ReservedCodeCacheSize=
#   JVM is running with Unscaled Compressed Oops mode in which the Java heap is
#     placed in the first 4GB address space. The Java Heap base address is the
#     maximum limit for the native heap growth. Please use -XX:HeapBaseMinAddress
#     to set the Java Heap base and to place the Java Heap above 4GB virtual address.
# This output file may be truncated or incomplete.
#
#  Out of Memory Error (allocation.cpp:44), pid=4180, tid=18236
#
# JRE version:  (17.0.8.1+7) (build )
# Java VM: OpenJDK 64-Bit Server VM (17.0.8.1+7-b1000.32, mixed mode, sharing, tiered, compressed oops, compressed class ptrs, g1 gc, windows-amd64)
# No core dump will be written. Minidumps are not enabled by default on client versions of Windows
#

---------------  S U M M A R Y ------------

Command Line: git4idea.http.GitAskPassApp Username for 'https://github.com': 

Host: AMD Ryzen 5 5600H with Radeon Graphics         , 12 cores, 15G,  Windows 11 , 64 bit Build 22621 (10.0.22621.2506)
Time: Sat Dec 23 19:47:16 2023 FLE Standard Time elapsed time: 0.015001 seconds (0d 0h 0m 0s)

---------------  T H R E A D  ---------------

Current thread (0x0000026b3972e0b0):  JavaThread "Unknown thread" [_thread_in_vm, id=18236, stack(0x000000cd58400000,0x000000cd58500000)]

Stack: [0x000000cd58400000,0x000000cd58500000]
Native frames: (J=compiled Java code, j=interpreted, Vv=VM code, C=native code)
V  [jvm.dll+0x6852da]
V  [jvm.dll+0x844c84]
V  [jvm.dll+0x84659e]
V  [jvm.dll+0x846c03]
V  [jvm.dll+0x24b7cf]
V  [jvm.dll+0xa6b2b]
V  [jvm.dll+0x2ddb24]
V  [jvm.dll+0x815bdc]
V  [jvm.dll+0x370df1]
V  [jvm.dll+0x7f4fdc]
V  [jvm.dll+0x3f3f1f]
V  [jvm.dll+0x3f5b31]
C  [jli.dll+0x528f]
C  [ucrtbase.dll+0x29363]
C  [KERNEL32.DLL+0x1257d]
C  [ntdll.dll+0x5aa58]


---------------  P R O C E S S  ---------------

Threads class SMR info:
_java_thread_list=0x00007fff21d100d8, length=0, elements={
}

Java Threads: ( => current thread )

Other Threads:

=>0x0000026b3972e0b0 (exited) JavaThread "Unknown thread" [_thread_in_vm, id=18236, stack(0x000000cd58400000,0x000000cd58500000)]

Threads with active compile tasks:

VM state: not at safepoint (not fully initialized)

VM Mutex/Monitor currently owned by a thread: None

Heap address: 0x0000000000000000, size: 0 MB, Compressed Oops mode: 32-bit

CDS archive(s) mapped at: [0x0000000000000000-0x0000000000000000-0x0000000000000000), size 0, SharedBaseAddress: 0x0000000800000000, ArchiveRelocationMode: 1.
Narrow klass base: 0x0000000000000000, Narrow klass shift: 0, Narrow klass range: 0x0

GC Precious Log:
<Empty>

GC Heap History (0 events):
No events

Dll operation events (1 events):
Event: 0.010 Loaded shared library C:\Program Files\JetBrains\JetBrains Rider 2022.1.2\jbr\bin\java.dll

Deoptimization events (0 events):
No events

Classes unloaded (0 events):
No events

Classes redefined (0 events):
No events

Internal exceptions (0 events):
No events

VM Operations (0 events):
No events

Events (0 events):
No events


Dynamic libraries:
0x00007ff6ef480000 - 0x00007ff6ef48a000 	C:\Program Files\JetBrains\JetBrains Rider 2022.1.2\jbr\bin\java.exe
0x00007fff87ff0000 - 0x00007fff88207000 	C:\WINDOWS\SYSTEM32\ntdll.dll
0x00007fff86380000 - 0x00007fff86444000 	C:\WINDOWS\System32\KERNEL32.DLL
0x00007fff858f0000 - 0x00007fff85c96000 	C:\WINDOWS\System32\KERNELBASE.dll
0x00007fff85640000 - 0x00007fff85751000 	C:\WINDOWS\System32\ucrtbase.dll
0x00007fff6f5f0000 - 0x00007fff6f607000 	C:\Program Files\JetBrains\JetBrains Rider 2022.1.2\jbr\bin\jli.dll
0x00007fff6c660000 - 0x00007fff6c67b000 	C:\Program Files\JetBrains\JetBrains Rider 2022.1.2\jbr\bin\VCRUNTIME140.dll
0x00007fff87b00000 - 0x00007fff87cae000 	C:\WINDOWS\System32\USER32.dll
0x00007fff853e0000 - 0x00007fff85406000 	C:\WINDOWS\System32\win32u.dll
0x00007fff6e680000 - 0x00007fff6e913000 	C:\WINDOWS\WinSxS\amd64_microsoft.windows.common-controls_6595b64144ccf1df_6.0.22621.2506_none_270c5ae97388e100\COMCTL32.dll
0x00007fff87f80000 - 0x00007fff87fa9000 	C:\WINDOWS\System32\GDI32.dll
0x00007fff874d0000 - 0x00007fff87577000 	C:\WINDOWS\System32\msvcrt.dll
0x00007fff85760000 - 0x00007fff85878000 	C:\WINDOWS\System32\gdi32full.dll
0x00007fff85ca0000 - 0x00007fff85d3a000 	C:\WINDOWS\System32\msvcp_win.dll
0x00007fff86270000 - 0x00007fff862a1000 	C:\WINDOWS\System32\IMM32.DLL
0x00007fff825a0000 - 0x00007fff825ac000 	C:\Program Files\JetBrains\JetBrains Rider 2022.1.2\jbr\bin\vcruntime140_1.dll
0x00007fff22530000 - 0x00007fff225bd000 	C:\Program Files\JetBrains\JetBrains Rider 2022.1.2\jbr\bin\msvcp140.dll
0x00007fff211d0000 - 0x00007fff21e53000 	C:\Program Files\JetBrains\JetBrains Rider 2022.1.2\jbr\bin\server\jvm.dll
0x00007fff873e0000 - 0x00007fff87491000 	C:\WINDOWS\System32\ADVAPI32.dll
0x00007fff87080000 - 0x00007fff87125000 	C:\WINDOWS\System32\sechost.dll
0x00007fff86450000 - 0x00007fff86567000 	C:\WINDOWS\System32\RPCRT4.dll
0x00007fff85230000 - 0x00007fff8527d000 	C:\WINDOWS\SYSTEM32\POWRPROF.dll
0x00007fff7d790000 - 0x00007fff7d7c4000 	C:\WINDOWS\SYSTEM32\WINMM.dll
0x00007fff7c9a0000 - 0x00007fff7c9aa000 	C:\WINDOWS\SYSTEM32\VERSION.dll
0x00007fff82600000 - 0x00007fff82609000 	C:\WINDOWS\SYSTEM32\WSOCK32.dll
0x00007fff862b0000 - 0x00007fff86321000 	C:\WINDOWS\System32\ws2_32.DLL
0x00007fff85210000 - 0x00007fff85223000 	C:\WINDOWS\SYSTEM32\UMPDC.dll
0x00007fff84280000 - 0x00007fff84298000 	C:\WINDOWS\SYSTEM32\kernel.appcore.dll
0x00007fff82560000 - 0x00007fff8256a000 	C:\Program Files\JetBrains\JetBrains Rider 2022.1.2\jbr\bin\jimage.dll
0x00007fff773e0000 - 0x00007fff77613000 	C:\WINDOWS\SYSTEM32\DBGHELP.DLL
0x00007fff87590000 - 0x00007fff87919000 	C:\WINDOWS\System32\combase.dll
0x00007fff87a20000 - 0x00007fff87af7000 	C:\WINDOWS\System32\OLEAUT32.dll
0x00007fff63d30000 - 0x00007fff63d62000 	C:\WINDOWS\SYSTEM32\dbgcore.DLL
0x00007fff85360000 - 0x00007fff853da000 	C:\WINDOWS\System32\bcryptPrimitives.dll
0x00007fff739a0000 - 0x00007fff739c5000 	C:\Program Files\JetBrains\JetBrains Rider 2022.1.2\jbr\bin\java.dll

dbghelp: loaded successfully - version: 4.0.5 - missing functions: none
symbol engine: initialized successfully - sym options: 0x614 - pdb path: .;C:\Program Files\JetBrains\JetBrains Rider 2022.1.2\jbr\bin;C:\WINDOWS\SYSTEM32;C:\WINDOWS\WinSxS\amd64_microsoft.windows.common-controls_6595b64144ccf1df_6.0.22621.2506_none_270c5ae97388e100;C:\Program Files\JetBrains\JetBrains Rider 2022.1.2\jbr\bin\server

VM Arguments:
java_command: git4idea.http.GitAskPassApp Username for 'https://github.com': 
java_class_path (initial): C:/Program Files/JetBrains/JetBrains Rider 2022.1.2/plugins/vcs-git/lib/git4idea-rt.jar;C:/Program Files/JetBrains/JetBrains Rider 2022.1.2/lib/externalProcess-rt.jar
Launcher Type: SUN_STANDARD

[Global flags]
     intx CICompilerCount                          = 4                                         {product} {ergonomic}
     uint ConcGCThreads                            = 3                                         {product} {ergonomic}
     uint G1ConcRefinementThreads                  = 10                                        {product} {ergonomic}
   size_t G1HeapRegionSize                         = 2097152                                   {product} {ergonomic}
    uintx GCDrainStackTargetSize                   = 64                                        {product} {ergonomic}
   size_t InitialHeapSize                          = 257949696                                 {product} {ergonomic}
   size_t MarkStackSize                            = 4194304                                   {product} {ergonomic}
   size_t MaxHeapSize                              = 4120903680                                {product} {ergonomic}
   size_t MinHeapDeltaBytes                        = 2097152                                   {product} {ergonomic}
   size_t MinHeapSize                              = 8388608                                   {product} {ergonomic}
    uintx NonNMethodCodeHeapSize                   = 5839372                                {pd product} {ergonomic}
    uintx NonProfiledCodeHeapSize                  = 122909434                              {pd product} {ergonomic}
    uintx ProfiledCodeHeapSize                     = 122909434                              {pd product} {ergonomic}
    uintx ReservedCodeCacheSize                    = 251658240                              {pd product} {ergonomic}
     bool SegmentedCodeCache                       = true                                      {product} {ergonomic}
   size_t SoftMaxHeapSize                          = 4120903680                             {manageable} {ergonomic}
     bool UseCompressedClassPointers               = true                           {product lp64_product} {ergonomic}
     bool UseCompressedOops                        = true                           {product lp64_product} {ergonomic}
     bool UseG1GC                                  = true                                      {product} {ergonomic}
     bool UseLargePagesIndividualAllocation        = false                                  {pd product} {ergonomic}

Logging:
Log output configuration:
 #0: stdout all=warning uptime,level,tags
 #1: stderr all=off uptime,level,tags

Environment Variables:
PATH=C:\Program Files\Git\mingw64\libexec\git-core;C:\Program Files\Git\mingw64\libexec\git-core;C:\Program Files\Git\mingw64\bin;C:\Program Files\Git\usr\bin;C:\Users\demya\bin;C:\Program Files (x86)\Microsoft SDKs\Azure\CLI2\wbin;C:\Program Files (x86)\Common Files\Oracle\Java\javapath;C:\windows\system32;C:\windows;C:\windows\System32\Wbem;C:\windows\System32\WindowsPowerShell\v1.0;C:\windows\System32\OpenSSH;C:\Program Files (x86)\NVIDIA Corporation\PhysX\Common;C:\Program Files\NVIDIA Corporation\NVIDIA NvDLISR;C:\Program Files\dotnet;C:\WINDOWS\system32;C:\WINDOWS;C:\WINDOWS\System32\Wbem;C:\WINDOWS\System32\WindowsPowerShell\v1.0;C:\WINDOWS\System32\OpenSSH;C:\Program Files\Microsoft SQL Server\150\Tools\Binn;C:\Program Files (x86)\Microsoft SQL Server\160\Tools\Binn;C:\Program Files\Microsoft SQL Server\160\Tools\Binn;C:\Program Files\Microsoft SQL Server\Client SDK\ODBC\170\Tools\Binn;C:\Program Files\Microsoft SQL Server\160\DTS\Binn;C:\Program Files (x86)\Microsoft SQL Server\160\DTS\Binn;C:\Program Files\Azure Data Studio\bin;C:\Program Files\nodejs;C:\Program Files\Docker\Docker\resources\bin;C:\Program Files\Pandoc;C:\Program Files\Git\cmd;C:\Users\demya\AppData\Local\Microsoft\WindowsApps;C:\Program Files\JetBrains\JetBrains Rider 2022.1.2\bin;C:\Users\demya\AppData\Local\Programs\Microsoft VS Code\bin;C:\Program Files\Azure Data Studio\bin;C:\Users\demya\.dotnet\tools;D:\terraform_1.3.9_windows_386;C:\Users\demya\AppData\Local\Programs\Python\Python39\Scripts;C:\Program Files\Azure Data Studio\bin;C:\Users\demya\AppData\Roaming\npm
USERNAME=demya
DISPLAY=:0.0
LC_ALL=en_US.UTF-8
TERM=xterm-256color
TMPDIR=C:\Users\demya\AppData\Local\Temp
OS=Windows_NT
PROCESSOR_IDENTIFIER=AMD64 Family 25 Model 80 Stepping 0, AuthenticAMD
TMP=C:\Users\demya\AppData\Local\Temp
TEMP=C:\Users\demya\AppData\Local\Temp


JNI global refs:
JNI global refs: 0, weak refs: 0

JNI global refs memory usage: 0, weak refs: 0

OOME stack traces (most recent first):
Classloader memory used:


---------------  S Y S T E M  ---------------

OS:
 Windows 11 , 64 bit Build 22621 (10.0.22621.2506)
OS uptime: 9 days 5:44 hours
Hyper-V role detected

CPU: total 12 (initial active 12) (12 cores per cpu, 2 threads per core) family 25 model 80 stepping 0 microcode 0x0, cx8, cmov, fxsr, ht, mmx, 3dnowpref, sse, sse2, sse3, ssse3, sse4a, sse4.1, sse4.2, popcnt, lzcnt, tsc, tscinvbit, avx, avx2, aes, erms, clmul, bmi1, bmi2, adx, sha, fma, vzeroupper, clflush, clflushopt, hv
Processor Information for processor 0
  Max Mhz: 3301, Current Mhz: 2630, Mhz Limit: 3301
Processor Information for processor 1
  Max Mhz: 3301, Current Mhz: 3301, Mhz Limit: 3301
Processor Information for processor 2
  Max Mhz: 3301, Current Mhz: 3301, Mhz Limit: 3301
Processor Information for processor 3
  Max Mhz: 3301, Current Mhz: 2630, Mhz Limit: 3301
Processor Information for processor 4
  Max Mhz: 3301, Current Mhz: 3301, Mhz Limit: 3301
Processor Information for processor 5
  Max Mhz: 3301, Current Mhz: 2630, Mhz Limit: 3301
Processor Information for processor 6
  Max Mhz: 3301, Current Mhz: 2630, Mhz Limit: 3301
Processor Information for processor 7
  Max Mhz: 3301, Current Mhz: 2630, Mhz Limit: 3301
Processor Information for processor 8
  Max Mhz: 3301, Current Mhz: 2630, Mhz Limit: 3301
Processor Information for processor 9
  Max Mhz: 3301, Current Mhz: 2630, Mhz Limit: 3301
Processor Information for processor 10
  Max Mhz: 3301, Current Mhz: 3301, Mhz Limit: 3301
Processor Information for processor 11
  Max Mhz: 3301, Current Mhz: 2630, Mhz Limit: 3301

Memory: 4k page, system-wide physical 15713M (3249M free)
TotalPageFile size 21433M (AvailPageFile size 5M)
current process WorkingSet (physical memory assigned to process): 10M, peak: 10M
current process commit charge ("private bytes"): 11M, peak: 12M

vm_info: OpenJDK 64-Bit Server VM (17.0.8.1+7-b1000.32) for windows-amd64 JRE (17.0.8.1+7-b1000.32), built on 2023-09-15 by "builduser" with MS VC++ 16.10 / 16.11 (VS2019)

END.
